0 info it worked if it ends with ok
1 verbose cli [ 'node',
1 verbose cli   '/Users/ampdin/.meteor/packages/meteor-tool/.1.3.2_4.lbyo5v++os.osx.x86_64+web.browser+web.cordova/mt-os.osx.x86_64/dev_bundle/bin/npm',
1 verbose cli   'install',
1 verbose cli   '--save',
1 verbose cli   'bootstrap@4.0.0-alpha.2' ]
2 info using npm@2.14.22
3 info using node@v0.10.43
4 verbose install initial load of /Users/ampdin/fres.io/package.json
5 verbose installManyTop reading scoped package data from /Users/ampdin/fres.io/node_modules/abbrev/package.json
6 verbose installManyTop reading scoped package data from /Users/ampdin/fres.io/node_modules/agent-base/package.json
7 verbose installManyTop reading scoped package data from /Users/ampdin/fres.io/node_modules/angular2/package.json
8 verbose installManyTop reading scoped package data from /Users/ampdin/fres.io/node_modules/angular2-google-maps/package.json
9 verbose installManyTop reading scoped package data from /Users/ampdin/fres.io/node_modules/angular2-meteor/package.json
10 verbose installManyTop reading scoped package data from /Users/ampdin/fres.io/node_modules/angular2-meteor-accounts-ui/package.json
11 verbose installManyTop reading scoped package data from /Users/ampdin/fres.io/node_modules/angular2-meteor-auto-bootstrap/package.json
12 verbose installManyTop reading scoped package data from /Users/ampdin/fres.io/node_modules/angular2-pagination/package.json
13 verbose installManyTop reading scoped package data from /Users/ampdin/fres.io/node_modules/ansi-align/package.json
14 verbose installManyTop reading scoped package data from /Users/ampdin/fres.io/node_modules/ansi-regex/package.json
15 verbose installManyTop reading scoped package data from /Users/ampdin/fres.io/node_modules/ansi-styles/package.json
16 verbose installManyTop reading scoped package data from /Users/ampdin/fres.io/node_modules/any-promise/package.json
17 verbose installManyTop reading scoped package data from /Users/ampdin/fres.io/node_modules/archy/package.json
18 verbose installManyTop reading scoped package data from /Users/ampdin/fres.io/node_modules/array-uniq/package.json
19 verbose installManyTop reading scoped package data from /Users/ampdin/fres.io/node_modules/arrify/package.json
20 verbose installManyTop reading scoped package data from /Users/ampdin/fres.io/node_modules/async/package.json
21 verbose installManyTop reading scoped package data from /Users/ampdin/fres.io/node_modules/balanced-match/package.json
22 verbose installManyTop reading scoped package data from /Users/ampdin/fres.io/node_modules/bluebird/package.json
23 verbose installManyTop reading scoped package data from /Users/ampdin/fres.io/node_modules/boxen/package.json
24 verbose installManyTop reading scoped package data from /Users/ampdin/fres.io/node_modules/brace-expansion/package.json
25 verbose installManyTop reading scoped package data from /Users/ampdin/fres.io/node_modules/camelcase/package.json
26 verbose installManyTop reading scoped package data from /Users/ampdin/fres.io/node_modules/capture-stack-trace/package.json
27 verbose installManyTop reading scoped package data from /Users/ampdin/fres.io/node_modules/chalk/package.json
28 verbose installManyTop reading scoped package data from /Users/ampdin/fres.io/node_modules/cli-boxes/package.json
29 verbose installManyTop reading scoped package data from /Users/ampdin/fres.io/node_modules/clone/package.json
30 verbose installManyTop reading scoped package data from /Users/ampdin/fres.io/node_modules/code-point-at/package.json
31 verbose installManyTop reading scoped package data from /Users/ampdin/fres.io/node_modules/columnify/package.json
32 verbose installManyTop reading scoped package data from /Users/ampdin/fres.io/node_modules/combined-stream/package.json
33 verbose installManyTop reading scoped package data from /Users/ampdin/fres.io/node_modules/concat-map/package.json
34 verbose installManyTop reading scoped package data from /Users/ampdin/fres.io/node_modules/concat-stream/package.json
35 verbose installManyTop reading scoped package data from /Users/ampdin/fres.io/node_modules/configstore/package.json
36 verbose installManyTop reading scoped package data from /Users/ampdin/fres.io/node_modules/core-util-is/package.json
37 verbose installManyTop reading scoped package data from /Users/ampdin/fres.io/node_modules/create-error-class/package.json
38 verbose installManyTop reading scoped package data from /Users/ampdin/fres.io/node_modules/debug/package.json
39 verbose installManyTop reading scoped package data from /Users/ampdin/fres.io/node_modules/deep-extend/package.json
40 verbose installManyTop reading scoped package data from /Users/ampdin/fres.io/node_modules/defaults/package.json
41 verbose installManyTop reading scoped package data from /Users/ampdin/fres.io/node_modules/delayed-stream/package.json
42 verbose installManyTop reading scoped package data from /Users/ampdin/fres.io/node_modules/detect-indent/package.json
43 verbose installManyTop reading scoped package data from /Users/ampdin/fres.io/node_modules/dot-prop/package.json
44 verbose installManyTop reading scoped package data from /Users/ampdin/fres.io/node_modules/duplexer2/package.json
45 verbose installManyTop reading scoped package data from /Users/ampdin/fres.io/node_modules/error-ex/package.json
46 verbose installManyTop reading scoped package data from /Users/ampdin/fres.io/node_modules/es6-promise/package.json
47 verbose installManyTop reading scoped package data from /Users/ampdin/fres.io/node_modules/es6-shim/package.json
48 verbose installManyTop reading scoped package data from /Users/ampdin/fres.io/node_modules/escape-string-regexp/package.json
49 verbose installManyTop reading scoped package data from /Users/ampdin/fres.io/node_modules/extend/package.json
50 verbose installManyTop reading scoped package data from /Users/ampdin/fres.io/node_modules/filled-array/package.json
51 verbose installManyTop reading scoped package data from /Users/ampdin/fres.io/node_modules/form-data/package.json
52 verbose installManyTop reading scoped package data from /Users/ampdin/fres.io/node_modules/function-bind/package.json
53 verbose installManyTop reading scoped package data from /Users/ampdin/fres.io/node_modules/glob/package.json
54 verbose installManyTop reading scoped package data from /Users/ampdin/fres.io/node_modules/got/package.json
55 verbose installManyTop reading scoped package data from /Users/ampdin/fres.io/node_modules/graceful-fs/package.json
56 verbose installManyTop reading scoped package data from /Users/ampdin/fres.io/node_modules/has/package.json
57 verbose installManyTop reading scoped package data from /Users/ampdin/fres.io/node_modules/has-ansi/package.json
58 verbose installManyTop reading scoped package data from /Users/ampdin/fres.io/node_modules/http-proxy-agent/package.json
59 verbose installManyTop reading scoped package data from /Users/ampdin/fres.io/node_modules/https-proxy-agent/package.json
60 verbose installManyTop reading scoped package data from /Users/ampdin/fres.io/node_modules/imurmurhash/package.json
61 verbose installManyTop reading scoped package data from /Users/ampdin/fres.io/node_modules/inflight/package.json
62 verbose installManyTop reading scoped package data from /Users/ampdin/fres.io/node_modules/inherits/package.json
63 verbose installManyTop reading scoped package data from /Users/ampdin/fres.io/node_modules/ini/package.json
64 verbose installManyTop reading scoped package data from /Users/ampdin/fres.io/node_modules/invariant/package.json
65 verbose installManyTop reading scoped package data from /Users/ampdin/fres.io/node_modules/is-absolute/package.json
66 verbose installManyTop reading scoped package data from /Users/ampdin/fres.io/node_modules/is-arrayish/package.json
67 verbose installManyTop reading scoped package data from /Users/ampdin/fres.io/node_modules/is-finite/package.json
68 verbose installManyTop reading scoped package data from /Users/ampdin/fres.io/node_modules/is-fullwidth-code-point/package.json
69 verbose installManyTop reading scoped package data from /Users/ampdin/fres.io/node_modules/is-npm/package.json
70 verbose installManyTop reading scoped package data from /Users/ampdin/fres.io/node_modules/is-obj/package.json
71 verbose installManyTop reading scoped package data from /Users/ampdin/fres.io/node_modules/is-plain-obj/package.json
72 verbose installManyTop reading scoped package data from /Users/ampdin/fres.io/node_modules/is-redirect/package.json
73 verbose installManyTop reading scoped package data from /Users/ampdin/fres.io/node_modules/is-relative/package.json
74 verbose installManyTop reading scoped package data from /Users/ampdin/fres.io/node_modules/is-retry-allowed/package.json
75 verbose installManyTop reading scoped package data from /Users/ampdin/fres.io/node_modules/is-stream/package.json
76 verbose installManyTop reading scoped package data from /Users/ampdin/fres.io/node_modules/is-unc-path/package.json
77 verbose installManyTop reading scoped package data from /Users/ampdin/fres.io/node_modules/is-utf8/package.json
78 verbose installManyTop reading scoped package data from /Users/ampdin/fres.io/node_modules/is-windows/package.json
79 verbose installManyTop reading scoped package data from /Users/ampdin/fres.io/node_modules/isarray/package.json
80 verbose installManyTop reading scoped package data from /Users/ampdin/fres.io/node_modules/isobject/package.json
81 verbose installManyTop reading scoped package data from /Users/ampdin/fres.io/node_modules/js-tokens/package.json
82 verbose installManyTop reading scoped package data from /Users/ampdin/fres.io/node_modules/latest-version/package.json
83 verbose installManyTop reading scoped package data from /Users/ampdin/fres.io/node_modules/listify/package.json
84 verbose installManyTop reading scoped package data from /Users/ampdin/fres.io/node_modules/lockfile/package.json
85 verbose installManyTop reading scoped package data from /Users/ampdin/fres.io/node_modules/loose-envify/package.json
86 verbose installManyTop reading scoped package data from /Users/ampdin/fres.io/node_modules/lowercase-keys/package.json
87 verbose installManyTop reading scoped package data from /Users/ampdin/fres.io/node_modules/make-error/package.json
88 verbose installManyTop reading scoped package data from /Users/ampdin/fres.io/node_modules/make-error-cause/package.json
89 verbose installManyTop reading scoped package data from /Users/ampdin/fres.io/node_modules/meteor-node-stubs/package.json
90 verbose installManyTop reading scoped package data from /Users/ampdin/fres.io/node_modules/mime-db/package.json
91 verbose installManyTop reading scoped package data from /Users/ampdin/fres.io/node_modules/mime-types/package.json
92 verbose installManyTop reading scoped package data from /Users/ampdin/fres.io/node_modules/minimatch/package.json
93 verbose installManyTop reading scoped package data from /Users/ampdin/fres.io/node_modules/minimist/package.json
94 verbose installManyTop reading scoped package data from /Users/ampdin/fres.io/node_modules/mkdirp/package.json
95 verbose installManyTop reading scoped package data from /Users/ampdin/fres.io/node_modules/ms/package.json
96 verbose installManyTop reading scoped package data from /Users/ampdin/fres.io/node_modules/ng2-material/package.json
97 verbose installManyTop reading scoped package data from /Users/ampdin/fres.io/node_modules/node-status-codes/package.json
98 verbose installManyTop reading scoped package data from /Users/ampdin/fres.io/node_modules/nopt/package.json
99 verbose installManyTop reading scoped package data from /Users/ampdin/fres.io/node_modules/number-is-nan/package.json
100 verbose installManyTop reading scoped package data from /Users/ampdin/fres.io/node_modules/object-assign/package.json
101 verbose installManyTop reading scoped package data from /Users/ampdin/fres.io/node_modules/object.pick/package.json
102 verbose installManyTop reading scoped package data from /Users/ampdin/fres.io/node_modules/once/package.json
103 verbose installManyTop reading scoped package data from /Users/ampdin/fres.io/node_modules/os-homedir/package.json
104 verbose installManyTop reading scoped package data from /Users/ampdin/fres.io/node_modules/os-tmpdir/package.json
105 verbose installManyTop reading scoped package data from /Users/ampdin/fres.io/node_modules/osenv/package.json
106 verbose installManyTop reading scoped package data from /Users/ampdin/fres.io/node_modules/package-json/package.json
107 verbose installManyTop reading scoped package data from /Users/ampdin/fres.io/node_modules/parse-json/package.json
108 verbose installManyTop reading scoped package data from /Users/ampdin/fres.io/node_modules/path-is-absolute/package.json
109 verbose installManyTop reading scoped package data from /Users/ampdin/fres.io/node_modules/pinkie/package.json
110 verbose installManyTop reading scoped package data from /Users/ampdin/fres.io/node_modules/pinkie-promise/package.json
111 verbose installManyTop reading scoped package data from /Users/ampdin/fres.io/node_modules/popsicle/package.json
112 verbose installManyTop reading scoped package data from /Users/ampdin/fres.io/node_modules/popsicle-proxy-agent/package.json
113 verbose installManyTop reading scoped package data from /Users/ampdin/fres.io/node_modules/popsicle-retry/package.json
114 verbose installManyTop reading scoped package data from /Users/ampdin/fres.io/node_modules/popsicle-status/package.json
115 verbose installManyTop reading scoped package data from /Users/ampdin/fres.io/node_modules/prepend-http/package.json
116 verbose installManyTop reading scoped package data from /Users/ampdin/fres.io/node_modules/process-nextick-args/package.json
117 verbose installManyTop reading scoped package data from /Users/ampdin/fres.io/node_modules/promise-finally/package.json
118 verbose installManyTop reading scoped package data from /Users/ampdin/fres.io/node_modules/rc/package.json
119 verbose installManyTop reading scoped package data from /Users/ampdin/fres.io/node_modules/read-all-stream/package.json
120 verbose installManyTop reading scoped package data from /Users/ampdin/fres.io/node_modules/readable-stream/package.json
121 verbose installManyTop reading scoped package data from /Users/ampdin/fres.io/node_modules/reflect-metadata/package.json
122 verbose installManyTop reading scoped package data from /Users/ampdin/fres.io/node_modules/registry-url/package.json
123 verbose installManyTop reading scoped package data from /Users/ampdin/fres.io/node_modules/repeating/package.json
124 verbose installManyTop reading scoped package data from /Users/ampdin/fres.io/node_modules/rimraf/package.json
125 verbose installManyTop reading scoped package data from /Users/ampdin/fres.io/node_modules/rxjs/package.json
126 verbose installManyTop reading scoped package data from /Users/ampdin/fres.io/node_modules/semver/package.json
127 verbose installManyTop reading scoped package data from /Users/ampdin/fres.io/node_modules/semver-diff/package.json
128 verbose installManyTop reading scoped package data from /Users/ampdin/fres.io/node_modules/slide/package.json
129 verbose installManyTop reading scoped package data from /Users/ampdin/fres.io/node_modules/sort-keys/package.json
130 verbose installManyTop reading scoped package data from /Users/ampdin/fres.io/node_modules/string-template/package.json
131 verbose installManyTop reading scoped package data from /Users/ampdin/fres.io/node_modules/string-width/package.json
132 verbose installManyTop reading scoped package data from /Users/ampdin/fres.io/node_modules/string_decoder/package.json
133 verbose installManyTop reading scoped package data from /Users/ampdin/fres.io/node_modules/strip-ansi/package.json
134 verbose installManyTop reading scoped package data from /Users/ampdin/fres.io/node_modules/strip-bom/package.json
135 verbose installManyTop reading scoped package data from /Users/ampdin/fres.io/node_modules/strip-json-comments/package.json
136 verbose installManyTop reading scoped package data from /Users/ampdin/fres.io/node_modules/supports-color/package.json
137 verbose installManyTop reading scoped package data from /Users/ampdin/fres.io/node_modules/thenify/package.json
138 verbose installManyTop reading scoped package data from /Users/ampdin/fres.io/node_modules/throat/package.json
139 verbose installManyTop reading scoped package data from /Users/ampdin/fres.io/node_modules/throwback/package.json
140 verbose installManyTop reading scoped package data from /Users/ampdin/fres.io/node_modules/timed-out/package.json
141 verbose installManyTop reading scoped package data from /Users/ampdin/fres.io/node_modules/touch/package.json
142 verbose installManyTop reading scoped package data from /Users/ampdin/fres.io/node_modules/tough-cookie/package.json
143 verbose installManyTop reading scoped package data from /Users/ampdin/fres.io/node_modules/typedarray/package.json
144 verbose installManyTop reading scoped package data from /Users/ampdin/fres.io/node_modules/typescript/package.json
145 verbose installManyTop reading scoped package data from /Users/ampdin/fres.io/node_modules/typings/package.json
146 verbose installManyTop reading scoped package data from /Users/ampdin/fres.io/node_modules/typings-core/package.json
147 verbose installManyTop reading scoped package data from /Users/ampdin/fres.io/node_modules/unc-path-regex/package.json
148 verbose installManyTop reading scoped package data from /Users/ampdin/fres.io/node_modules/unzip-response/package.json
149 verbose installManyTop reading scoped package data from /Users/ampdin/fres.io/node_modules/update-notifier/package.json
150 verbose installManyTop reading scoped package data from /Users/ampdin/fres.io/node_modules/url-parse-lax/package.json
151 verbose installManyTop reading scoped package data from /Users/ampdin/fres.io/node_modules/util-deprecate/package.json
152 verbose installManyTop reading scoped package data from /Users/ampdin/fres.io/node_modules/uuid/package.json
153 verbose installManyTop reading scoped package data from /Users/ampdin/fres.io/node_modules/wcwidth/package.json
154 verbose installManyTop reading scoped package data from /Users/ampdin/fres.io/node_modules/widest-line/package.json
155 verbose installManyTop reading scoped package data from /Users/ampdin/fres.io/node_modules/wordwrap/package.json
156 verbose installManyTop reading scoped package data from /Users/ampdin/fres.io/node_modules/wrappy/package.json
157 verbose installManyTop reading scoped package data from /Users/ampdin/fres.io/node_modules/write-file-atomic/package.json
158 verbose installManyTop reading scoped package data from /Users/ampdin/fres.io/node_modules/xdg-basedir/package.json
159 verbose installManyTop reading scoped package data from /Users/ampdin/fres.io/node_modules/xtend/package.json
160 verbose installManyTop reading scoped package data from /Users/ampdin/fres.io/node_modules/zip-object/package.json
161 verbose installManyTop reading scoped package data from /Users/ampdin/fres.io/node_modules/zone.js/package.json
162 verbose installManyTop reading scoped package data from /Users/ampdin/fres.io/node_modules/@angular/.meteor-portable/package.json
163 verbose installManyTop reading scoped package data from /Users/ampdin/fres.io/node_modules/@angular/common/package.json
164 verbose installManyTop reading scoped package data from /Users/ampdin/fres.io/node_modules/@angular/compiler/package.json
165 verbose installManyTop reading scoped package data from /Users/ampdin/fres.io/node_modules/@angular/core/package.json
166 verbose installManyTop reading scoped package data from /Users/ampdin/fres.io/node_modules/@angular/platform-browser/package.json
167 verbose installManyTop reading scoped package data from /Users/ampdin/fres.io/node_modules/@angular/platform-browser-dynamic/package.json
168 verbose installManyTop reading scoped package data from /Users/ampdin/fres.io/node_modules/@angular/router/package.json
169 verbose installManyTop reading scoped package data from /Users/ampdin/fres.io/node_modules/@angular/router-deprecated/package.json
170 verbose installManyTop reading scoped package data from /Users/ampdin/fres.io/node_modules/@angular2-material/.meteor-portable/package.json
171 verbose installManyTop reading scoped package data from /Users/ampdin/fres.io/node_modules/@angular2-material/checkbox/package.json
172 verbose installManyTop reading scoped package data from /Users/ampdin/fres.io/node_modules/@angular2-material/core/package.json
173 verbose installManyTop reading scoped package data from /Users/ampdin/fres.io/node_modules/@angular2-material/progress-bar/package.json
174 verbose installManyTop reading scoped package data from /Users/ampdin/fres.io/node_modules/@angular2-material/progress-circle/package.json
175 verbose installManyTop reading scoped package data from /Users/ampdin/fres.io/node_modules/@angular2-material/radio/package.json
176 verbose installManyTop reading scoped package data from /Users/ampdin/fres.io/node_modules/@angular2-material/sidenav/package.json
177 verbose installManyTop reading scoped package data from /Users/ampdin/fres.io/node_modules/@angular2-material/toolbar/package.json
178 info package.json angular2-meteor-auto-bootstrap@0.5.5 No repository field.
179 info package.json string_decoder@0.10.31 string_decoder is also the name of a node core module.
180 info package.json wcwidth@1.0.0 No repository field.
181 info package.json @angular/common@2.0.0-rc.1 No description
182 info package.json @angular/common@2.0.0-rc.1 No repository field.
183 info package.json @angular/core@2.0.0-rc.1 No description
184 info package.json @angular/core@2.0.0-rc.1 No repository field.
185 info package.json @angular/compiler@2.0.0-rc.1 No description
186 info package.json @angular/compiler@2.0.0-rc.1 No repository field.
187 info package.json @angular/router-deprecated@2.0.0-rc.1 No description
188 info package.json @angular/router-deprecated@2.0.0-rc.1 No repository field.
189 info package.json @angular/platform-browser@2.0.0-rc.1 No description
190 info package.json @angular/platform-browser@2.0.0-rc.1 No repository field.
191 info package.json @angular/router@2.0.0-rc.1 No description
192 info package.json @angular/router@2.0.0-rc.1 No repository field.
193 info package.json @angular/router@2.0.0-rc.1 No README data
194 info package.json @angular/platform-browser-dynamic@2.0.0-rc.1 No description
195 info package.json @angular/platform-browser-dynamic@2.0.0-rc.1 No repository field.
196 verbose readDependencies loading dependencies from /Users/ampdin/fres.io/package.json
197 silly cache add args [ 'bootstrap@4.0.0-alpha.2', null ]
198 verbose cache add spec bootstrap@4.0.0-alpha.2
199 silly cache add parsed spec { raw: 'bootstrap@4.0.0-alpha.2',
199 silly cache add   scope: null,
199 silly cache add   name: 'bootstrap',
199 silly cache add   rawSpec: '4.0.0-alpha.2',
199 silly cache add   spec: '4.0.0-alpha.2',
199 silly cache add   type: 'version' }
200 silly addNamed bootstrap@4.0.0-alpha.2
201 verbose addNamed "4.0.0-alpha.2" is a plain semver version for bootstrap
202 silly mapToRegistry name bootstrap
203 silly mapToRegistry using default registry
204 silly mapToRegistry registry https://registry.npmjs.org/
205 silly mapToRegistry uri https://registry.npmjs.org/bootstrap
206 verbose addNameVersion registry:https://registry.npmjs.org/bootstrap not in flight; fetching
207 verbose request uri https://registry.npmjs.org/bootstrap
208 verbose request no auth needed
209 info attempt registry request try #1 at 00:07:50
210 verbose request id 80881a6b04e2cfd8
211 verbose etag "72CZI9YUWISXU46JJBO4ENIX3"
212 http request GET https://registry.npmjs.org/bootstrap
213 http 304 https://registry.npmjs.org/bootstrap
214 verbose headers { date: 'Tue, 24 May 2016 07:07:53 GMT',
214 verbose headers   via: '1.1 varnish',
214 verbose headers   'cache-control': 'max-age=300',
214 verbose headers   etag: '"72CZI9YUWISXU46JJBO4ENIX3"',
214 verbose headers   age: '170',
214 verbose headers   connection: 'keep-alive',
214 verbose headers   'x-served-by': 'cache-lax1441-LAX',
214 verbose headers   'x-cache': 'HIT',
214 verbose headers   'x-cache-hits': '1',
214 verbose headers   'x-timer': 'S1464073673.470672,VS0,VE0',
214 verbose headers   vary: 'Accept-Encoding' }
215 silly get cb [ 304,
215 silly get   { date: 'Tue, 24 May 2016 07:07:53 GMT',
215 silly get     via: '1.1 varnish',
215 silly get     'cache-control': 'max-age=300',
215 silly get     etag: '"72CZI9YUWISXU46JJBO4ENIX3"',
215 silly get     age: '170',
215 silly get     connection: 'keep-alive',
215 silly get     'x-served-by': 'cache-lax1441-LAX',
215 silly get     'x-cache': 'HIT',
215 silly get     'x-cache-hits': '1',
215 silly get     'x-timer': 'S1464073673.470672,VS0,VE0',
215 silly get     vary: 'Accept-Encoding' } ]
216 verbose etag https://registry.npmjs.org/bootstrap from cache
217 verbose get saving bootstrap to /Users/ampdin/.npm/registry.npmjs.org/bootstrap/.cache.json
218 verbose correctMkdir /Users/ampdin/.npm correctMkdir not in flight; initializing
219 silly cache afterAdd bootstrap@4.0.0-alpha.2
220 verbose afterAdd /Users/ampdin/.npm/bootstrap/4.0.0-alpha.2/package/package.json not in flight; writing
221 verbose correctMkdir /Users/ampdin/.npm correctMkdir not in flight; initializing
222 verbose afterAdd /Users/ampdin/.npm/bootstrap/4.0.0-alpha.2/package/package.json written
223 silly install resolved [ { name: 'bootstrap',
223 silly install resolved     description: 'The most popular front-end framework for developing responsive, mobile first projects on the web.',
223 silly install resolved     version: '4.0.0-alpha.2',
223 silly install resolved     keywords:
223 silly install resolved      [ 'css',
223 silly install resolved        'sass',
223 silly install resolved        'mobile-first',
223 silly install resolved        'responsive',
223 silly install resolved        'front-end',
223 silly install resolved        'framework',
223 silly install resolved        'web' ],
223 silly install resolved     homepage: 'http://getbootstrap.com',
223 silly install resolved     author: { name: 'Twitter, Inc.' },
223 silly install resolved     scripts:
223 silly install resolved      { 'change-version': 'node grunt/change-version.js',
223 silly install resolved        test: 'grunt test' },
223 silly install resolved     style: 'dist/css/bootstrap.css',
223 silly install resolved     sass: 'scss/bootstrap.scss',
223 silly install resolved     main: './dist/js/npm',
223 silly install resolved     repository:
223 silly install resolved      { type: 'git',
223 silly install resolved        url: 'git+https://github.com/twbs/bootstrap.git' },
223 silly install resolved     bugs: { url: 'https://github.com/twbs/bootstrap/issues' },
223 silly install resolved     license: 'MIT',
223 silly install resolved     devDependencies:
223 silly install resolved      { autoprefixer: '^6.0.3',
223 silly install resolved        'babel-eslint': '^4.1.3',
223 silly install resolved        btoa: '~1.1.2',
223 silly install resolved        glob: '~6.0.1',
223 silly install resolved        grunt: '~0.4.5',
223 silly install resolved        'grunt-babel': '^5.0.3',
223 silly install resolved        'grunt-build-control': '~0.6.0',
223 silly install resolved        'grunt-contrib-clean': '~0.7.0',
223 silly install resolved        'grunt-contrib-compress': '~0.14.0',
223 silly install resolved        'grunt-contrib-concat': '~0.5.1',
223 silly install resolved        'grunt-contrib-connect': '~0.11.2',
223 silly install resolved        'grunt-contrib-copy': '~0.8.1',
223 silly install resolved        'grunt-contrib-cssmin': '~0.14.0',
223 silly install resolved        'grunt-contrib-qunit': '~0.7.0',
223 silly install resolved        'grunt-contrib-sass': '^0.9.2',
223 silly install resolved        'grunt-contrib-uglify': '~0.11.0',
223 silly install resolved        'grunt-contrib-watch': '~0.6.1',
223 silly install resolved        'grunt-csscomb': '~3.1.0',
223 silly install resolved        'grunt-eslint': '^17.1.0',
223 silly install resolved        'grunt-exec': '~0.4.6',
223 silly install resolved        'grunt-html': '~5.0.0',
223 silly install resolved        'grunt-jekyll': '~0.4.2',
223 silly install resolved        'grunt-jscs': '~2.4.0',
223 silly install resolved        'grunt-line-remover': '0.0.2',
223 silly install resolved        'grunt-postcss': '^0.7.0',
223 silly install resolved        'grunt-sass': '^1.0.0',
223 silly install resolved        'grunt-saucelabs': '~8.6.1',
223 silly install resolved        'grunt-scss-lint': '^0.3.8',
223 silly install resolved        'grunt-stamp': '^0.1.0',
223 silly install resolved        'is-travis': '^1.0.0',
223 silly install resolved        'load-grunt-tasks': '~3.3.0',
223 silly install resolved        'markdown-it': '^5.0.0',
223 silly install resolved        'mq4-hover-shim': '^0.3.0',
223 silly install resolved        'npm-shrinkwrap': '^200.1.0',
223 silly install resolved        shelljs: '^0.5.3',
223 silly install resolved        'time-grunt': '^1.2.1' },
223 silly install resolved     engines: { node: '>=0.10.1' },
223 silly install resolved     files:
223 silly install resolved      [ 'dist',
223 silly install resolved        'grunt/*.js',
223 silly install resolved        'grunt/*.json',
223 silly install resolved        'js/*.js',
223 silly install resolved        'scss/**/*.scss',
223 silly install resolved        'Gruntfile.js',
223 silly install resolved        'LICENSE' ],
223 silly install resolved     jspm:
223 silly install resolved      { main: 'js/bootstrap',
223 silly install resolved        ignore: [Object],
223 silly install resolved        directories: [Object],
223 silly install resolved        shim: [Object],
223 silly install resolved        dependencies: [Object] },
223 silly install resolved     gitHead: '48938155eb24b4ccdde09426066869504c6dab3c',
223 silly install resolved     _id: 'bootstrap@4.0.0-alpha.2',
223 silly install resolved     _shasum: '1238dd5c482d2545f2be78ab0d98731eb93e50c1',
223 silly install resolved     _from: 'bootstrap@4.0.0-alpha.2',
223 silly install resolved     _npmVersion: '3.3.12',
223 silly install resolved     _nodeVersion: '5.1.1',
223 silly install resolved     _npmUser: { name: 'twbs', email: 'getbootstrap@gmail.com' },
223 silly install resolved     dist:
223 silly install resolved      { shasum: '1238dd5c482d2545f2be78ab0d98731eb93e50c1',
223 silly install resolved        tarball: 'https://registry.npmjs.org/bootstrap/-/bootstrap-4.0.0-alpha.2.tgz' },
223 silly install resolved     maintainers: [ [Object] ],
223 silly install resolved     directories: {},
223 silly install resolved     _resolved: 'https://registry.npmjs.org/bootstrap/-/bootstrap-4.0.0-alpha.2.tgz',
223 silly install resolved     readme: 'ERROR: No README data found!' } ]
224 info install bootstrap@4.0.0-alpha.2 into /Users/ampdin/fres.io
225 info installOne bootstrap@4.0.0-alpha.2
226 verbose installOne of bootstrap to /Users/ampdin/fres.io not in flight; installing
227 verbose correctMkdir /Users/ampdin/.npm/_locks correctMkdir not in flight; initializing
228 verbose lock using /Users/ampdin/.npm/_locks/bootstrap-ca3023627784cdd2.lock for /Users/ampdin/fres.io/node_modules/bootstrap
229 silly install write writing bootstrap 4.0.0-alpha.2 to /Users/ampdin/fres.io/node_modules/bootstrap
230 verbose unbuild node_modules/bootstrap
231 silly gentlyRm /Users/ampdin/fres.io/node_modules/bootstrap is being purged from base /Users/ampdin/fres.io
232 verbose gentlyRm don't care about contents; nuking /Users/ampdin/fres.io/node_modules/bootstrap
233 verbose tar unpack /Users/ampdin/.npm/bootstrap/4.0.0-alpha.2/package.tgz
234 verbose tar unpacking to /Users/ampdin/fres.io/node_modules/bootstrap
235 silly gentlyRm /Users/ampdin/fres.io/node_modules/bootstrap is being purged
236 verbose gentlyRm don't care about contents; nuking /Users/ampdin/fres.io/node_modules/bootstrap
237 silly gunzTarPerm modes [ '755', '644' ]
238 silly gunzTarPerm extractEntry package.json
239 silly gunzTarPerm extractEntry README.md
240 silly gunzTarPerm extractEntry LICENSE
241 silly gunzTarPerm extractEntry Gruntfile.js
242 silly gunzTarPerm extractEntry dist/css/bootstrap.css
243 silly gunzTarPerm extractEntry dist/css/bootstrap.css.map
244 silly gunzTarPerm extractEntry dist/css/bootstrap.min.css
245 silly gunzTarPerm extractEntry dist/css/bootstrap.min.css.map
246 silly gunzTarPerm extractEntry dist/js/bootstrap.js
247 silly gunzTarPerm extractEntry dist/js/bootstrap.min.js
248 silly gunzTarPerm extractEntry dist/js/npm.js
249 silly gunzTarPerm extractEntry dist/js/umd/alert.js
250 silly gunzTarPerm extractEntry dist/js/umd/carousel.js
251 silly gunzTarPerm extractEntry dist/js/umd/collapse.js
252 silly gunzTarPerm extractEntry dist/js/umd/dropdown.js
253 silly gunzTarPerm extractEntry dist/js/umd/button.js
254 silly gunzTarPerm extractEntry dist/js/umd/popover.js
255 silly gunzTarPerm extractEntry dist/js/umd/scrollspy.js
256 silly gunzTarPerm extractEntry dist/js/umd/tab.js
257 silly gunzTarPerm extractEntry dist/js/umd/tooltip.js
258 silly gunzTarPerm extractEntry dist/js/umd/util.js
259 silly gunzTarPerm extractEntry dist/js/umd/modal.js
260 silly gunzTarPerm extractEntry grunt/bs-commonjs-generator.js
261 silly gunzTarPerm extractEntry grunt/change-version.js
262 silly gunzTarPerm extractEntry grunt/configBridge.json
263 silly gunzTarPerm extractEntry grunt/npm-shrinkwrap.json
264 silly gunzTarPerm extractEntry CHANGELOG.md
265 silly gunzTarPerm extractEntry scss/_nav.scss
266 silly gunzTarPerm extractEntry scss/_alert.scss
267 silly gunzTarPerm extractEntry scss/_animation.scss
268 silly gunzTarPerm extractEntry scss/_breadcrumb.scss
269 silly gunzTarPerm extractEntry scss/_button-group.scss
270 silly gunzTarPerm extractEntry scss/_buttons.scss
271 silly gunzTarPerm extractEntry scss/_card.scss
272 silly gunzTarPerm extractEntry scss/_carousel.scss
273 silly gunzTarPerm extractEntry scss/_close.scss
274 silly gunzTarPerm extractEntry scss/_code.scss
275 silly gunzTarPerm extractEntry scss/_custom-forms.scss
276 silly gunzTarPerm extractEntry scss/_dropdown.scss
277 silly gunzTarPerm extractEntry scss/_forms.scss
278 silly gunzTarPerm extractEntry scss/_grid.scss
279 silly gunzTarPerm extractEntry scss/_images.scss
280 silly gunzTarPerm extractEntry scss/_input-group.scss
281 silly gunzTarPerm extractEntry scss/_jumbotron.scss
282 silly gunzTarPerm extractEntry scss/_labels.scss
283 silly gunzTarPerm extractEntry scss/_list-group.scss
284 silly gunzTarPerm extractEntry scss/_media.scss
285 silly gunzTarPerm extractEntry scss/_mixins.scss
286 silly gunzTarPerm extractEntry scss/_modal.scss
287 silly gunzTarPerm extractEntry scss/_navbar.scss
288 silly gunzTarPerm extractEntry scss/_normalize.scss
289 silly gunzTarPerm extractEntry scss/_pager.scss
290 silly gunzTarPerm extractEntry scss/_pagination.scss
291 silly gunzTarPerm extractEntry scss/_popover.scss
292 silly gunzTarPerm extractEntry scss/_print.scss
293 silly gunzTarPerm extractEntry scss/_progress.scss
294 silly gunzTarPerm extractEntry scss/_reboot.scss
295 silly gunzTarPerm extractEntry scss/_responsive-embed.scss
296 silly gunzTarPerm extractEntry scss/_tables.scss
297 silly gunzTarPerm extractEntry scss/_tooltip.scss
298 silly gunzTarPerm extractEntry scss/_type.scss
299 silly gunzTarPerm extractEntry scss/_utilities-background.scss
300 silly gunzTarPerm extractEntry scss/_utilities-responsive.scss
301 silly gunzTarPerm extractEntry scss/_utilities-spacing.scss
302 silly gunzTarPerm extractEntry scss/_utilities.scss
303 silly gunzTarPerm extractEntry scss/_variables.scss
304 silly gunzTarPerm extractEntry scss/bootstrap-flex.scss
305 silly gunzTarPerm extractEntry scss/bootstrap-grid.scss
306 silly gunzTarPerm extractEntry scss/bootstrap-reboot.scss
307 silly gunzTarPerm extractEntry scss/bootstrap.scss
308 silly gunzTarPerm extractEntry scss/mixins/_lists.scss
309 silly gunzTarPerm extractEntry scss/mixins/_alert.scss
310 silly gunzTarPerm extractEntry scss/mixins/_border-radius.scss
311 silly gunzTarPerm extractEntry scss/mixins/_breakpoints.scss
312 silly gunzTarPerm extractEntry scss/mixins/_buttons.scss
313 silly gunzTarPerm extractEntry scss/mixins/_cards.scss
314 silly gunzTarPerm extractEntry scss/mixins/_center-block.scss
315 silly gunzTarPerm extractEntry scss/mixins/_clearfix.scss
316 silly gunzTarPerm extractEntry scss/mixins/_forms.scss
317 silly gunzTarPerm extractEntry scss/mixins/_gradients.scss
318 silly gunzTarPerm extractEntry scss/mixins/_grid-framework.scss
319 silly gunzTarPerm extractEntry scss/mixins/_grid.scss
320 silly gunzTarPerm extractEntry scss/mixins/_hover.scss
321 silly gunzTarPerm extractEntry scss/mixins/_image.scss
322 silly gunzTarPerm extractEntry scss/mixins/_label.scss
323 silly gunzTarPerm extractEntry scss/mixins/_list-group.scss
324 silly gunzTarPerm extractEntry scss/mixins/_background-variant.scss
325 silly gunzTarPerm extractEntry scss/mixins/_nav-divider.scss
326 silly gunzTarPerm extractEntry scss/mixins/_navbar-align.scss
327 silly gunzTarPerm extractEntry scss/mixins/_pagination.scss
328 silly gunzTarPerm extractEntry scss/mixins/_progress.scss
329 silly gunzTarPerm extractEntry scss/mixins/_pulls.scss
330 silly gunzTarPerm extractEntry scss/mixins/_reset-filter.scss
331 silly gunzTarPerm extractEntry scss/mixins/_reset-text.scss
332 silly gunzTarPerm extractEntry scss/mixins/_resize.scss
333 silly gunzTarPerm extractEntry scss/mixins/_screen-reader.scss
334 silly gunzTarPerm extractEntry scss/mixins/_size.scss
335 silly gunzTarPerm extractEntry scss/mixins/_tab-focus.scss
336 silly gunzTarPerm extractEntry scss/mixins/_table-row.scss
337 silly gunzTarPerm extractEntry scss/mixins/_text-emphasis.scss
338 silly gunzTarPerm extractEntry scss/mixins/_text-hide.scss
339 silly gunzTarPerm extractEntry scss/mixins/_text-truncate.scss
340 verbose write writing to /Users/ampdin/fres.io/node_modules/bootstrap/package.json
341 info preinstall bootstrap@4.0.0-alpha.2
342 verbose readDependencies loading dependencies from /Users/ampdin/fres.io/node_modules/bootstrap/package.json
343 verbose readDependencies loading dependencies from /Users/ampdin/fres.io/node_modules/bootstrap/package.json
344 silly install resolved []
345 verbose about to build /Users/ampdin/fres.io/node_modules/bootstrap
346 info build /Users/ampdin/fres.io/node_modules/bootstrap
347 info linkStuff bootstrap@4.0.0-alpha.2
348 silly linkStuff bootstrap@4.0.0-alpha.2 has /Users/ampdin/fres.io/node_modules as its parent node_modules
349 verbose linkBins bootstrap@4.0.0-alpha.2
350 verbose linkMans bootstrap@4.0.0-alpha.2
351 verbose rebuildBundles bootstrap@4.0.0-alpha.2
352 info install bootstrap@4.0.0-alpha.2
353 info postinstall bootstrap@4.0.0-alpha.2
354 verbose unlock done using /Users/ampdin/.npm/_locks/bootstrap-ca3023627784cdd2.lock for /Users/ampdin/fres.io/node_modules/bootstrap
355 verbose validateInstall loading /Users/ampdin/fres.io/package.json for validation
356 verbose stack Error: The package reflect-metadata@0.1.3 does not satisfy its siblings' peerDependencies requirements!
356 verbose stack     at /Users/ampdin/.meteor/packages/meteor-tool/.1.3.2_4.lbyo5v++os.osx.x86_64+web.browser+web.cordova/mt-os.osx.x86_64/dev_bundle/lib/node_modules/npm/lib/install.js:125:32
356 verbose stack     at /Users/ampdin/.meteor/packages/meteor-tool/.1.3.2_4.lbyo5v++os.osx.x86_64+web.browser+web.cordova/mt-os.osx.x86_64/dev_bundle/lib/node_modules/npm/lib/install.js:268:7
356 verbose stack     at /Users/ampdin/.meteor/packages/meteor-tool/.1.3.2_4.lbyo5v++os.osx.x86_64+web.browser+web.cordova/mt-os.osx.x86_64/dev_bundle/lib/node_modules/npm/node_modules/read-installed/read-installed.js:142:5
356 verbose stack     at /Users/ampdin/.meteor/packages/meteor-tool/.1.3.2_4.lbyo5v++os.osx.x86_64+web.browser+web.cordova/mt-os.osx.x86_64/dev_bundle/lib/node_modules/npm/node_modules/read-installed/read-installed.js:263:14
356 verbose stack     at cb (/Users/ampdin/.meteor/packages/meteor-tool/.1.3.2_4.lbyo5v++os.osx.x86_64+web.browser+web.cordova/mt-os.osx.x86_64/dev_bundle/lib/node_modules/npm/node_modules/slide/lib/async-map.js:47:24)
356 verbose stack     at /Users/ampdin/.meteor/packages/meteor-tool/.1.3.2_4.lbyo5v++os.osx.x86_64+web.browser+web.cordova/mt-os.osx.x86_64/dev_bundle/lib/node_modules/npm/node_modules/read-installed/read-installed.js:263:14
356 verbose stack     at cb (/Users/ampdin/.meteor/packages/meteor-tool/.1.3.2_4.lbyo5v++os.osx.x86_64+web.browser+web.cordova/mt-os.osx.x86_64/dev_bundle/lib/node_modules/npm/node_modules/slide/lib/async-map.js:47:24)
356 verbose stack     at /Users/ampdin/.meteor/packages/meteor-tool/.1.3.2_4.lbyo5v++os.osx.x86_64+web.browser+web.cordova/mt-os.osx.x86_64/dev_bundle/lib/node_modules/npm/node_modules/read-installed/read-installed.js:263:14
356 verbose stack     at cb (/Users/ampdin/.meteor/packages/meteor-tool/.1.3.2_4.lbyo5v++os.osx.x86_64+web.browser+web.cordova/mt-os.osx.x86_64/dev_bundle/lib/node_modules/npm/node_modules/slide/lib/async-map.js:47:24)
356 verbose stack     at /Users/ampdin/.meteor/packages/meteor-tool/.1.3.2_4.lbyo5v++os.osx.x86_64+web.browser+web.cordova/mt-os.osx.x86_64/dev_bundle/lib/node_modules/npm/node_modules/read-installed/read-installed.js:263:14
357 verbose cwd /Users/ampdin/fres.io
358 error Darwin 15.4.0
359 error argv "node" "/Users/ampdin/.meteor/packages/meteor-tool/.1.3.2_4.lbyo5v++os.osx.x86_64+web.browser+web.cordova/mt-os.osx.x86_64/dev_bundle/bin/npm" "install" "--save" "bootstrap@4.0.0-alpha.2"
360 error node v0.10.43
361 error npm  v2.14.22
362 error code EPEERINVALID
363 error peerinvalid The package reflect-metadata@0.1.3 does not satisfy its siblings' peerDependencies requirements!
363 error peerinvalid Peer angular2-meteor@0.5.5 wants reflect-metadata@0.1.2
363 error peerinvalid Peer angular2@2.0.0-beta.17 wants reflect-metadata@0.1.2
364 verbose exit [ 1, true ]
